<?xml version="1.0" encoding="UTF-8"?>
<!-- Generated by org.testng.reporters.JUnitReportReporter -->
<testsuite skipped="0" hostname="Desktop-KL-1" name="Test.Signin_Test" tests="1" failures="0" timestamp="20 Feb 2020 12:00:45 GMT" time="6.627" errors="0">
  <testcase name="GmailSignin" time="6.627" classname="Test.Signin_Test"/>
</testsuite> <!-- Test.Signin_Test -->
