<?xml version="1.0" encoding="UTF-8"?>
<!-- Generated by org.testng.reporters.JUnitReportReporter -->
<testsuite skipped="0" hostname="Desktop-KL-1" name="Test.Signin_Test" tests="2" failures="0" timestamp="24 Feb 2020 07:32:23 GMT" time="40.139" errors="0">
  <testcase name="Gmailopen" time="12.410" classname="Test.Signin_Test"/>
  <testcase name="signin" time="27.729" classname="Test.Signin_Test"/>
</testsuite> <!-- Test.Signin_Test -->
